[2022-11-06 21:27:11.724] [jointLog] [info] setting maxHashResizeThreads to 8
[2022-11-06 21:27:11.724] [jointLog] [info] Fragment incompatibility prior below threshold.  Incompatible fragments will be ignored.
[2022-11-06 21:27:11.724] [jointLog] [info] Usage of --validateMappings implies use of minScoreFraction. Since not explicitly specified, it is being set to 0.65
[2022-11-06 21:27:11.725] [jointLog] [info] Setting consensusSlack to selective-alignment default of 0.35.
[2022-11-06 21:27:11.725] [jointLog] [info] parsing read library format
[2022-11-06 21:27:11.725] [jointLog] [info] There is 1 library.
[2022-11-06 21:27:11.726] [jointLog] [info] Loading pufferfish index
[2022-11-06 21:27:11.726] [jointLog] [info] Loading dense pufferfish index.
[2022-11-06 21:27:12.457] [jointLog] [info] done
[2022-11-06 21:27:12.513] [jointLog] [info] Index contained 96355 targets
[2022-11-06 21:27:12.743] [jointLog] [info] Number of decoys : 0
[2022-11-06 21:27:13.349] [jointLog] [info] Automatically detected most likely library type as ISR

[2022-11-06 21:28:35.195] [jointLog] [info] Thread saw mini-batch with a maximum of 0.58% zero probability fragments
[2022-11-06 21:28:35.199] [jointLog] [info] Thread saw mini-batch with a maximum of 0.54% zero probability fragments
[2022-11-06 21:28:35.226] [jointLog] [info] Thread saw mini-batch with a maximum of 0.64% zero probability fragments
[2022-11-06 21:28:35.329] [jointLog] [info] Thread saw mini-batch with a maximum of 0.54% zero probability fragments
[2022-11-06 21:28:35.334] [jointLog] [info] Thread saw mini-batch with a maximum of 0.52% zero probability fragments
[2022-11-06 21:28:35.347] [jointLog] [info] Thread saw mini-batch with a maximum of 0.48% zero probability fragments
[2022-11-06 21:28:35.349] [jointLog] [info] Thread saw mini-batch with a maximum of 0.58% zero probability fragments
[2022-11-06 21:28:35.373] [jointLog] [info] Thread saw mini-batch with a maximum of 0.58% zero probability fragments
[2022-11-06 21:28:35.559] [jointLog] [info] Computed 148741 rich equivalence classes for further processing
[2022-11-06 21:28:35.559] [jointLog] [info] Counted 5367598 total reads in the equivalence classes 
[2022-11-06 21:28:35.563] [jointLog] [info] Number of mappings discarded because of alignment score : 3794327
[2022-11-06 21:28:35.563] [jointLog] [info] Number of fragments entirely discarded because of alignment score : 1020224
[2022-11-06 21:28:35.563] [jointLog] [info] Number of fragments discarded because they are best-mapped to decoys : 0
[2022-11-06 21:28:35.563] [jointLog] [info] Number of fragments discarded because they have only dovetail (discordant) mappings to valid targets : 27952
[2022-11-06 21:28:35.563] [jointLog] [info] Mapping rate = 47.8058%

[2022-11-06 21:28:35.563] [jointLog] [info] finished quantifyLibrary()
[2022-11-06 21:28:35.563] [jointLog] [info] Starting optimizer
[2022-11-06 21:28:35.639] [jointLog] [info] Marked 0 weighted equivalence classes as degenerate
[2022-11-06 21:28:35.650] [jointLog] [info] iteration = 0 | max rel diff. = 4892.68
[2022-11-06 21:28:35.766] [jointLog] [info] iteration 11, adjusting effective lengths to account for biases
[2022-11-06 21:28:35.559] [fileLog] [info] 
At end of round 0
==================
Observed 11227919 total fragments (11227919 in most recent round)

[2022-11-06 21:28:36.995] [jointLog] [info] Computed expected counts (for bias correction)
[2022-11-06 21:28:36.995] [jointLog] [info] processed bias for 0.0% of the transcripts
[2022-11-06 21:28:37.733] [jointLog] [info] processed bias for 10.0% of the transcripts
[2022-11-06 21:28:38.654] [jointLog] [info] processed bias for 20.0% of the transcripts
[2022-11-06 21:28:39.547] [jointLog] [info] processed bias for 30.0% of the transcripts
[2022-11-06 21:28:40.367] [jointLog] [info] processed bias for 40.0% of the transcripts
[2022-11-06 21:28:41.311] [jointLog] [info] processed bias for 50.0% of the transcripts
[2022-11-06 21:28:42.189] [jointLog] [info] processed bias for 60.0% of the transcripts
[2022-11-06 21:28:42.986] [jointLog] [info] processed bias for 70.0% of the transcripts
[2022-11-06 21:28:43.835] [jointLog] [info] processed bias for 80.0% of the transcripts
[2022-11-06 21:28:44.752] [jointLog] [info] processed bias for 90.0% of the transcripts
[2022-11-06 21:28:45.703] [jointLog] [info] processed bias for 100.0% of the transcripts
[2022-11-06 21:28:45.704] [jointLog] [info] processed bias for 100.0% of the transcripts
[2022-11-06 21:28:46.740] [jointLog] [info] iteration = 100 | max rel diff. = 20.4941
[2022-11-06 21:28:47.886] [jointLog] [info] iteration = 200 | max rel diff. = 8.22345
[2022-11-06 21:28:49.021] [jointLog] [info] iteration = 300 | max rel diff. = 16.0982
[2022-11-06 21:28:50.153] [jointLog] [info] iteration = 400 | max rel diff. = 19.8356
[2022-11-06 21:28:51.284] [jointLog] [info] iteration = 500 | max rel diff. = 0.969554
[2022-11-06 21:28:52.415] [jointLog] [info] iteration = 600 | max rel diff. = 0.47913
[2022-11-06 21:28:53.543] [jointLog] [info] iteration = 700 | max rel diff. = 1.3881
[2022-11-06 21:28:54.675] [jointLog] [info] iteration = 800 | max rel diff. = 0.063464
[2022-11-06 21:28:55.806] [jointLog] [info] iteration = 900 | max rel diff. = 0.271911
[2022-11-06 21:28:56.944] [jointLog] [info] iteration = 1000 | max rel diff. = 0.3682
[2022-11-06 21:28:58.081] [jointLog] [info] iteration = 1100 | max rel diff. = 0.0300367
[2022-11-06 21:28:59.213] [jointLog] [info] iteration = 1200 | max rel diff. = 5.36082
[2022-11-06 21:29:00.346] [jointLog] [info] iteration = 1300 | max rel diff. = 0.0504936
[2022-11-06 21:29:01.480] [jointLog] [info] iteration = 1400 | max rel diff. = 0.0179839
[2022-11-06 21:29:02.611] [jointLog] [info] iteration = 1500 | max rel diff. = 0.025436
[2022-11-06 21:29:03.743] [jointLog] [info] iteration = 1600 | max rel diff. = 0.0345033
[2022-11-06 21:29:04.873] [jointLog] [info] iteration = 1700 | max rel diff. = 0.0977285
[2022-11-06 21:29:06.002] [jointLog] [info] iteration = 1800 | max rel diff. = 0.0640132
[2022-11-06 21:29:06.273] [jointLog] [info] iteration = 1825 | max rel diff. = 0.00109254
[2022-11-06 21:29:06.289] [jointLog] [info] Finished optimizer
[2022-11-06 21:29:06.289] [jointLog] [info] writing output 

